<?xml version="1.0" encoding="UTF-8"?>
<testsuite xmlns:xsi="http://www.w3.org/2001/XMLSchema-instance" xsi:noNamespaceSchemaLocation="https://maven.apache.org/surefire/maven-surefire-plugin/xsd/surefire-test-report.xsd" name="testSuite.UiAndApiTests" time="14.061" tests="3" errors="0" skipped="0" failures="0">
  <properties>
[...]
</properties>
  <testcase name="uiFlow" classname="test.UiTest" time="11.572"/>
  <testcase name="givenCityExist" classname="test.ApiTest" time="2.185"/>
  <testcase name="givenCityNotExist" classname="test.ApiTest" time="0.237"/>
</testsuite>